<?xml version="1.0" encoding="UTF-8"?>
<!-- Generated by org.testng.reporters.JUnitReportReporter -->
<testsuite skipped="0" hostname="SACHINKE02" name="com.project.tests.TestRunner" tests="1" failures="0" timestamp="29 Dec 2020 11:12:33 GMT" time="95.049" errors="0">
  <testcase name="feature" time="95.049" classname="com.project.tests.TestRunner"/>
</testsuite> <!-- com.project.tests.TestRunner -->
